/Users/iakhilp/brazil-pkg-cache/packages/JUnitAntBuildLogic/JUnitAntBuildLogic-1.2.379828.0/AL2_x86_64/DEV.STD.PTHREAD/build/antfiles/junit-test-impl.xml